<?xml version="1.0" encoding="UTF-8" ?>
<testsuite tests="34" failures="0" name="com.alibaba.dubbo.remoting.codec.ExchangeCodecTest" time="0.07" errors="0" skipped="0">
  <properties>
    <property name="idea.version" value="2018.3.3"/>
    <property name="java.runtime.name" value="Java(TM) SE Runtime Environment"/>
    <property name="sun.boot.library.path" value="C:\Program Files\Java\jdk1.8.0_60\jre\bin"/>
    <property name="java.vm.version" value="25.60-b23"/>
    <property name="java.vm.vendor" value="Oracle Corporation"/>
    <property name="maven.multiModuleProjectDirectory" value="C:\Users\fei.chen\Desktop\dubbo\dubbo-core"/>
    <property name="java.vendor.url" value="http://java.oracle.com/"/>
    <property name="path.separator" value=";"/>
    <property name="guice.disable.misplaced.annotation.check" value="true"/>
    <property name="java.vm.name" value="Java HotSpot(TM) 64-Bit Server VM"/>
    <property name="file.encoding.pkg" value="sun.io"/>
    <property name="user.script" value=""/>
    <property name="user.country" value="CN"/>
    <property name="sun.java.launcher" value="SUN_STANDARD"/>
    <property name="sun.os.patch.level" value="Service Pack 1"/>
    <property name="java.vm.specification.name" value="Java Virtual Machine Specification"/>
    <property name="user.dir" value="C:\Users\fei.chen\Desktop\dubbo\dubbo-core"/>
    <property name="java.runtime.version" value="1.8.0_60-b27"/>
    <property name="java.awt.graphicsenv" value="sun.awt.Win32GraphicsEnvironment"/>
    <property name="java.endorsed.dirs" value="C:\Program Files\Java\jdk1.8.0_60\jre\lib\endorsed"/>
    <property name="os.arch" value="amd64"/>
    <property name="java.io.tmpdir" value="C:\Users\FEI~1.CHE\AppData\Local\Temp\"/>
    <property name="line.separator" value="
"/>
    <property name="java.vm.specification.vendor" value="Oracle Corporation"/>
    <property name="user.variant" value=""/>
    <property name="os.name" value="Windows 7"/>
    <property name="classworlds.conf" value="D:\Program Files\JetBrains\ideaIU-2018.2.7\plugins\maven\lib\maven3\bin\m2.conf"/>
    <property name="sun.jnu.encoding" value="GBK"/>
    <property name="java.library.path" value="C:\Program Files\Java\jdk1.8.0_60\bin;C:\Windows\Sun\Java\bin;C:\Windows\system32;C:\Windows;C:\Perl64\site\bin;C:\Perl64\bin;C:\Program Files (x86)\Common Files\NetSarang;C:\Windows\system32;C:\Windows;C:\Windows\System32\Wbem;C:\Windows\System32\WindowsPowerShell\v1.0\;C:\Program Files\MySQL\MySQL Server 5.6\bin;D:\Program\apache-maven-3.3.9/bin;C:\Program Files\Java\jdk1.8.0_60\bin;D:\Program\mysql-5.7.15\bin;C:\Program Files\MongoDB\Server\3.2\bin;D:\Program\nvm;D:\Program\nodejs;D:\Program\spring-1.5.4.RELEASE\bin;D:\Program\erl9.0\bin;D:\Program\Git\cmd;C:\Program Files\TortoiseSVN\bin;D:\Program\svn-cmd\bin;D:\Program\k8s;D:\Program\istio-0.8.0\bin;D:\Program\go\bin;D:\Program\TortoiseGit\bin;;D:\Program\Microsoft VS Code\bin;."/>
    <property name="java.specification.name" value="Java Platform API Specification"/>
    <property name="java.class.version" value="52.0"/>
    <property name="sun.management.compiler" value="HotSpot 64-Bit Tiered Compilers"/>
    <property name="os.version" value="6.1"/>
    <property name="user.home" value="C:\Users\fei.chen"/>
    <property name="user.timezone" value="Asia/Shanghai"/>
    <property name="java.awt.printerjob" value="sun.awt.windows.WPrinterJob"/>
    <property name="java.specification.version" value="1.8"/>
    <property name="file.encoding" value="UTF-8"/>
    <property name="user.name" value="fei.chen"/>
    <property name="java.class.path" value="D:\Program Files\JetBrains\ideaIU-2018.2.7\plugins\maven\lib\maven3\boot\plexus-classworlds-2.5.2.jar;D:\Program Files\JetBrains\ideaIU-2018.2.7\lib\idea_rt.jar"/>
    <property name="java.vm.specification.version" value="1.8"/>
    <property name="sun.arch.data.model" value="64"/>
    <property name="java.home" value="C:\Program Files\Java\jdk1.8.0_60\jre"/>
    <property name="sun.java.command" value="org.codehaus.classworlds.Launcher -Didea.version=2018.3.3 package"/>
    <property name="java.specification.vendor" value="Oracle Corporation"/>
    <property name="user.language" value="zh"/>
    <property name="awt.toolkit" value="sun.awt.windows.WToolkit"/>
    <property name="java.vm.info" value="mixed mode"/>
    <property name="java.version" value="1.8.0_60"/>
    <property name="java.ext.dirs" value="C:\Program Files\Java\jdk1.8.0_60\jre\lib\ext;C:\Windows\Sun\Java\lib\ext"/>
    <property name="sun.boot.class.path" value="C:\Program Files\Java\jdk1.8.0_60\jre\lib\resources.jar;C:\Program Files\Java\jdk1.8.0_60\jre\lib\rt.jar;C:\Program Files\Java\jdk1.8.0_60\jre\lib\sunrsasign.jar;C:\Program Files\Java\jdk1.8.0_60\jre\lib\jsse.jar;C:\Program Files\Java\jdk1.8.0_60\jre\lib\jce.jar;C:\Program Files\Java\jdk1.8.0_60\jre\lib\charsets.jar;C:\Program Files\Java\jdk1.8.0_60\jre\lib\jfr.jar;C:\Program Files\Java\jdk1.8.0_60\jre\classes"/>
    <property name="java.vendor" value="Oracle Corporation"/>
    <property name="maven.home" value="D:\Program Files\JetBrains\ideaIU-2018.2.7\plugins\maven\lib\maven3"/>
    <property name="file.separator" value="\"/>
    <property name="java.vendor.url.bug" value="http://bugreport.sun.com/bugreport/"/>
    <property name="sun.cpu.endian" value="little"/>
    <property name="sun.io.unicode.encoding" value="UnicodeLittle"/>
    <property name="sun.desktop" value="windows"/>
    <property name="sun.cpu.isalist" value="amd64"/>
  </properties>
  <testcase classname="com.alibaba.dubbo.remoting.codec.ExchangeCodecTest" name="test_Decode_Return_Response_Error" time="0.037"/>
  <testcase classname="com.alibaba.dubbo.remoting.codec.ExchangeCodecTest" name="test_Encode_Request" time="0.004"/>
  <testcase classname="com.alibaba.dubbo.remoting.codec.ExchangeCodecTest" name="testMessageLengthExceedPayloadLimitWhenEncode" time="0.01"/>
  <testcase classname="com.alibaba.dubbo.remoting.codec.ExchangeCodecTest" name="test_Decode_Return_Request_Event_Object" time="0.001"/>
  <testcase classname="com.alibaba.dubbo.remoting.codec.ExchangeCodecTest" name="test_Decode_Return_Request_Event_String" time="0.001"/>
  <testcase classname="com.alibaba.dubbo.remoting.codec.ExchangeCodecTest" name="testMessageLengthGreaterThanMessageActualLength" time="0.001"/>
  <testcase classname="com.alibaba.dubbo.remoting.codec.ExchangeCodecTest" name="test_Decode_MigicCodec_Contain_ExchangeHeader" time="0.001"/>
  <testcase classname="com.alibaba.dubbo.remoting.codec.ExchangeCodecTest" name="test_Decode_Error_Response_Object" time="0"/>
  <testcase classname="com.alibaba.dubbo.remoting.codec.ExchangeCodecTest" name="test_Header_Response_NoSerializationFlag" time="0.003"/>
  <testcase classname="com.alibaba.dubbo.remoting.codec.ExchangeCodecTest" name="test_Decode_Return_Request_Object" time="0.001"/>
  <testcase classname="com.alibaba.dubbo.remoting.codec.ExchangeCodecTest" name="test_Decode_Check_Payload" time="0.004"/>
  <testcase classname="com.alibaba.dubbo.remoting.codec.ExchangeCodecTest" name="test_Decode_Error_Request_Object" time="0"/>
  <testcase classname="com.alibaba.dubbo.remoting.codec.ExchangeCodecTest" name="test_Decode_Error_MagicNum" time="0"/>
  <testcase classname="com.alibaba.dubbo.remoting.codec.ExchangeCodecTest" name="test_Encode_Response" time="0.001"/>
  <testcase classname="com.alibaba.dubbo.remoting.codec.ExchangeCodecTest" name="test_Encode_Error_Response" time="0.002"/>
  <testcase classname="com.alibaba.dubbo.remoting.codec.ExchangeCodecTest" name="test_Decode_Header_Need_Readmore" time="0"/>
  <testcase classname="com.alibaba.dubbo.remoting.codec.ExchangeCodecTest" name="test_Decode_Return_Request_Heartbeat_Object" time="0.002"/>
  <testcase classname="com.alibaba.dubbo.remoting.codec.ExchangeCodecTest" name="test_Decode_Error_Length" time="0"/>
  <testcase classname="com.alibaba.dubbo.remoting.codec.ExchangeCodecTest" name="test_Header_Response_Heartbeat" time="0"/>
  <testcase classname="com.alibaba.dubbo.remoting.codec.ExchangeCodecTest" name="test_Decode_Body_Need_Readmore" time="0"/>
  <testcase classname="com.alibaba.dubbo.remoting.codec.ExchangeCodecTest" name="test_Decode_Return_Response_Person" time="0"/>
  <testcase classname="com.alibaba.dubbo.remoting.codec.ExchangeCodecTest" name="testDecode_UPorDOWN_WithError" time="0"/>
  <testcase classname="com.alibaba.dubbo.remoting.codec.ExchangeCodecTest" name="testDecode_String_NoEnter" time="0.001"/>
  <testcase classname="com.alibaba.dubbo.remoting.codec.ExchangeCodecTest" name="testEncode_String_ClientSide" time="0"/>
  <testcase classname="com.alibaba.dubbo.remoting.codec.ExchangeCodecTest" name="testDecode_String_WithEnter" time="0"/>
  <testcase classname="com.alibaba.dubbo.remoting.codec.ExchangeCodecTest" name="testDecode_History_UP" time="0"/>
  <testcase classname="com.alibaba.dubbo.remoting.codec.ExchangeCodecTest" name="testDecode_Backspace_WithError" time="0.001"/>
  <testcase classname="com.alibaba.dubbo.remoting.codec.ExchangeCodecTest" name="testDecode_Person_ObjectOnly" time="0"/>
  <testcase classname="com.alibaba.dubbo.remoting.codec.ExchangeCodecTest" name="testDecode_String_MiddleWithEnter" time="0"/>
  <testcase classname="com.alibaba.dubbo.remoting.codec.ExchangeCodecTest" name="testDecode_Backspace" time="0"/>
  <testcase classname="com.alibaba.dubbo.remoting.codec.ExchangeCodecTest" name="testDecode_String_ClientSide" time="0"/>
  <testcase classname="com.alibaba.dubbo.remoting.codec.ExchangeCodecTest" name="testDecode_BlankMessage" time="0"/>
  <testcase classname="com.alibaba.dubbo.remoting.codec.ExchangeCodecTest" name="testDecode_WithExitByte" time="0"/>
  <testcase classname="com.alibaba.dubbo.remoting.codec.ExchangeCodecTest" name="testDecode_Person_WithEnter" time="0"/>
</testsuite>